<?xml version="1.0" encoding="UTF-8"?>
<testsuite xmlns:xsi="http://www.w3.org/2001/XMLSchema-instance" xsi:noNamespaceSchemaLocation="https://maven.apache.org/surefire/maven-surefire-plugin/xsd/surefire-test-report-3.0.xsd" version="3.0" name="Scenario: User able to login" time="0.06" tests="2" errors="0" skipped="1" failures="0">
  <properties>
[...]
</properties>
  <testcase name="Given Open OrangeHRM Pages" classname="Scenario: User able to login" time="0">
    <skipped/>
  </testcase>
  <testcase name="When Enter Username" classname="Scenario: User able to login" time="0">
    <skipped/>
  </testcase>
  <testcase name="When Enter Password" classname="Scenario: User able to login" time="0">
    <skipped/>
  </testcase>
  <testcase name="When Click login button" classname="Scenario: User able to login" time="0">
    <skipped/>
  </testcase>
  <testcase name="Then User login to application" classname="Scenario: User able to login" time="0">
    <skipped/>
  </testcase>
  <testcase name="" classname="Scenario: User able to login" time="0">
    <skipped/>
  </testcase>
  <testcase name="" classname="Scenario: User able to login" time="0.001"/>
</testsuite>